ERROR - 2026-05-05 00:02:01 --> mysqli_sql_exception: Cannot add or update a child row: a foreign key constraint fails (`biblioteca_jardin`.`libros`, CONSTRAINT `libros_id_ubicacion_foreign` FOREIGN KEY (`id_ubicacion`) REFERENCES `ubicaciones` (`id_ubicacion`) ON DELETE CASCADE ON UPDATE SET NULL) in C:\xampp\htdocs\BibliotecaJardin\system\Database\MySQLi\Connection.php:312
Stack trace:
#0 C:\xampp\htdocs\BibliotecaJardin\system\Database\MySQLi\Connection.php(312): mysqli->query('UPDATE `libros`...', 0)
#1 C:\xampp\htdocs\BibliotecaJardin\system\Database\BaseConnection.php(734): CodeIgniter\Database\MySQLi\Connection->execute('UPDATE `libros`...')
#2 C:\xampp\htdocs\BibliotecaJardin\system\Database\BaseConnection.php(648): CodeIgniter\Database\BaseConnection->simpleQuery('UPDATE `libros`...')
#3 C:\xampp\htdocs\BibliotecaJardin\system\Database\BaseBuilder.php(2516): CodeIgniter\Database\BaseConnection->query('UPDATE `libros`...', Array, false)
#4 C:\xampp\htdocs\BibliotecaJardin\app\Models\FichaMovimientoModel.php(128): CodeIgniter\Database\BaseBuilder->update(Array)
#5 C:\xampp\htdocs\BibliotecaJardin\app\Controllers\Admin.php(40): App\Models\FichaMovimientoModel->procesarFichaAdmin(Array)
#6 C:\xampp\htdocs\BibliotecaJardin\system\CodeIgniter.php(933): App\Controllers\Admin->procesar_ficha()
#7 C:\xampp\htdocs\BibliotecaJardin\system\CodeIgniter.php(509): CodeIgniter\CodeIgniter->runController(Object(App\Controllers\Admin))
#8 C:\xampp\htdocs\BibliotecaJardin\system\CodeIgniter.php(355): CodeIgniter\CodeIgniter->handleRequest(NULL, Object(Config\Cache), false)
#9 C:\xampp\htdocs\BibliotecaJardin\system\Boot.php(334): CodeIgniter\CodeIgniter->run()
#10 C:\xampp\htdocs\BibliotecaJardin\system\Boot.php(67): CodeIgniter\Boot::runCodeIgniter(Object(CodeIgniter\CodeIgniter))
#11 C:\xampp\htdocs\BibliotecaJardin\public\index.php(56): CodeIgniter\Boot::bootWeb(Object(Config\Paths))
#12 C:\xampp\htdocs\BibliotecaJardin\system\rewrite.php(44): require_once('C:\\xampp\\htdocs...')
#13 {main}
DEBUG - 2026-05-05 18:27:04 --> Session: Class initialized using 'CodeIgniter\Session\Handlers\FileHandler' driver.
DEBUG - 2026-05-05 18:27:24 --> Session: Class initialized using 'CodeIgniter\Session\Handlers\FileHandler' driver.
ERROR - 2026-05-05 18:27:58 --> mysqli_sql_exception: Cannot add or update a child row: a foreign key constraint fails (`biblioteca_jardin`.`libros`, CONSTRAINT `libros_id_ubicacion_foreign` FOREIGN KEY (`id_ubicacion`) REFERENCES `ubicaciones` (`id_ubicacion`) ON DELETE CASCADE ON UPDATE SET NULL) in C:\xampp\htdocs\BibliotecaJardin\system\Database\MySQLi\Connection.php:312
Stack trace:
#0 C:\xampp\htdocs\BibliotecaJardin\system\Database\MySQLi\Connection.php(312): mysqli->query('UPDATE `libros`...', 0)
#1 C:\xampp\htdocs\BibliotecaJardin\system\Database\BaseConnection.php(734): CodeIgniter\Database\MySQLi\Connection->execute('UPDATE `libros`...')
#2 C:\xampp\htdocs\BibliotecaJardin\system\Database\BaseConnection.php(648): CodeIgniter\Database\BaseConnection->simpleQuery('UPDATE `libros`...')
#3 C:\xampp\htdocs\BibliotecaJardin\system\Database\BaseBuilder.php(2516): CodeIgniter\Database\BaseConnection->query('UPDATE `libros`...', Array, false)
#4 C:\xampp\htdocs\BibliotecaJardin\app\Models\FichaMovimientoModel.php(130): CodeIgniter\Database\BaseBuilder->update(Array)
#5 C:\xampp\htdocs\BibliotecaJardin\app\Controllers\Admin.php(40): App\Models\FichaMovimientoModel->procesarFichaAdmin(Array)
#6 C:\xampp\htdocs\BibliotecaJardin\system\CodeIgniter.php(933): App\Controllers\Admin->procesar_ficha()
#7 C:\xampp\htdocs\BibliotecaJardin\system\CodeIgniter.php(509): CodeIgniter\CodeIgniter->runController(Object(App\Controllers\Admin))
#8 C:\xampp\htdocs\BibliotecaJardin\system\CodeIgniter.php(355): CodeIgniter\CodeIgniter->handleRequest(NULL, Object(Config\Cache), false)
#9 C:\xampp\htdocs\BibliotecaJardin\system\Boot.php(334): CodeIgniter\CodeIgniter->run()
#10 C:\xampp\htdocs\BibliotecaJardin\system\Boot.php(67): CodeIgniter\Boot::runCodeIgniter(Object(CodeIgniter\CodeIgniter))
#11 C:\xampp\htdocs\BibliotecaJardin\public\index.php(56): CodeIgniter\Boot::bootWeb(Object(Config\Paths))
#12 C:\xampp\htdocs\BibliotecaJardin\system\rewrite.php(44): require_once('C:\\xampp\\htdocs...')
#13 {main}
ERROR - 2026-05-05 18:28:15 --> mysqli_sql_exception: Cannot add or update a child row: a foreign key constraint fails (`biblioteca_jardin`.`libros`, CONSTRAINT `libros_id_ubicacion_foreign` FOREIGN KEY (`id_ubicacion`) REFERENCES `ubicaciones` (`id_ubicacion`) ON DELETE CASCADE ON UPDATE SET NULL) in C:\xampp\htdocs\BibliotecaJardin\system\Database\MySQLi\Connection.php:312
Stack trace:
#0 C:\xampp\htdocs\BibliotecaJardin\system\Database\MySQLi\Connection.php(312): mysqli->query('UPDATE `libros`...', 0)
#1 C:\xampp\htdocs\BibliotecaJardin\system\Database\BaseConnection.php(734): CodeIgniter\Database\MySQLi\Connection->execute('UPDATE `libros`...')
#2 C:\xampp\htdocs\BibliotecaJardin\system\Database\BaseConnection.php(648): CodeIgniter\Database\BaseConnection->simpleQuery('UPDATE `libros`...')
#3 C:\xampp\htdocs\BibliotecaJardin\system\Database\BaseBuilder.php(2516): CodeIgniter\Database\BaseConnection->query('UPDATE `libros`...', Array, false)
#4 C:\xampp\htdocs\BibliotecaJardin\app\Models\FichaMovimientoModel.php(130): CodeIgniter\Database\BaseBuilder->update(Array)
#5 C:\xampp\htdocs\BibliotecaJardin\app\Controllers\Admin.php(40): App\Models\FichaMovimientoModel->procesarFichaAdmin(Array)
#6 C:\xampp\htdocs\BibliotecaJardin\system\CodeIgniter.php(933): App\Controllers\Admin->procesar_ficha()
#7 C:\xampp\htdocs\BibliotecaJardin\system\CodeIgniter.php(509): CodeIgniter\CodeIgniter->runController(Object(App\Controllers\Admin))
#8 C:\xampp\htdocs\BibliotecaJardin\system\CodeIgniter.php(355): CodeIgniter\CodeIgniter->handleRequest(NULL, Object(Config\Cache), false)
#9 C:\xampp\htdocs\BibliotecaJardin\system\Boot.php(334): CodeIgniter\CodeIgniter->run()
#10 C:\xampp\htdocs\BibliotecaJardin\system\Boot.php(67): CodeIgniter\Boot::runCodeIgniter(Object(CodeIgniter\CodeIgniter))
#11 C:\xampp\htdocs\BibliotecaJardin\public\index.php(56): CodeIgniter\Boot::bootWeb(Object(Config\Paths))
#12 C:\xampp\htdocs\BibliotecaJardin\system\rewrite.php(44): require_once('C:\\xampp\\htdocs...')
#13 {main}
DEBUG - 2026-05-05 18:45:23 --> Session: Class initialized using 'CodeIgniter\Session\Handlers\FileHandler' driver.
ERROR - 2026-05-05 18:45:46 --> mysqli_sql_exception: Cannot add or update a child row: a foreign key constraint fails (`biblioteca_jardin`.`libros`, CONSTRAINT `libros_id_ubicacion_foreign` FOREIGN KEY (`id_ubicacion`) REFERENCES `ubicaciones` (`id_ubicacion`) ON DELETE CASCADE ON UPDATE SET NULL) in C:\xampp\htdocs\BibliotecaJardin\system\Database\MySQLi\Connection.php:312
Stack trace:
#0 C:\xampp\htdocs\BibliotecaJardin\system\Database\MySQLi\Connection.php(312): mysqli->query('UPDATE `libros`...', 0)
#1 C:\xampp\htdocs\BibliotecaJardin\system\Database\BaseConnection.php(734): CodeIgniter\Database\MySQLi\Connection->execute('UPDATE `libros`...')
#2 C:\xampp\htdocs\BibliotecaJardin\system\Database\BaseConnection.php(648): CodeIgniter\Database\BaseConnection->simpleQuery('UPDATE `libros`...')
#3 C:\xampp\htdocs\BibliotecaJardin\system\Database\BaseBuilder.php(2516): CodeIgniter\Database\BaseConnection->query('UPDATE `libros`...', Array, false)
#4 C:\xampp\htdocs\BibliotecaJardin\app\Models\FichaMovimientoModel.php(130): CodeIgniter\Database\BaseBuilder->update(Array)
#5 C:\xampp\htdocs\BibliotecaJardin\app\Controllers\Admin.php(40): App\Models\FichaMovimientoModel->procesarFichaAdmin(Array)
#6 C:\xampp\htdocs\BibliotecaJardin\system\CodeIgniter.php(933): App\Controllers\Admin->procesar_ficha()
#7 C:\xampp\htdocs\BibliotecaJardin\system\CodeIgniter.php(509): CodeIgniter\CodeIgniter->runController(Object(App\Controllers\Admin))
#8 C:\xampp\htdocs\BibliotecaJardin\system\CodeIgniter.php(355): CodeIgniter\CodeIgniter->handleRequest(NULL, Object(Config\Cache), false)
#9 C:\xampp\htdocs\BibliotecaJardin\system\Boot.php(334): CodeIgniter\CodeIgniter->run()
#10 C:\xampp\htdocs\BibliotecaJardin\system\Boot.php(67): CodeIgniter\Boot::runCodeIgniter(Object(CodeIgniter\CodeIgniter))
#11 C:\xampp\htdocs\BibliotecaJardin\public\index.php(56): CodeIgniter\Boot::bootWeb(Object(Config\Paths))
#12 C:\xampp\htdocs\BibliotecaJardin\system\rewrite.php(44): require_once('C:\\xampp\\htdocs...')
#13 {main}
DEBUG - 2026-05-05 18:46:39 --> Session: Class initialized using 'CodeIgniter\Session\Handlers\FileHandler' driver.
DEBUG - 2026-05-05 19:08:46 --> Session: Class initialized using 'CodeIgniter\Session\Handlers\FileHandler' driver.
DEBUG - 2026-05-05 19:09:01 --> Session: Class initialized using 'CodeIgniter\Session\Handlers\FileHandler' driver.
DEBUG - 2026-05-05 19:09:18 --> Session: Class initialized using 'CodeIgniter\Session\Handlers\FileHandler' driver.
CRITICAL - 2026-05-05 19:21:21 --> CodeIgniter\View\Exceptions\ViewException: Invalid file: "biblioteca/admin_completadas.php"
[Method: GET, Route: completadas]
in SYSTEMPATH\Exceptions\FrameworkException.php on line 41.
 1 SYSTEMPATH\View\View.php(222): CodeIgniter\Exceptions\FrameworkException::forInvalidFile('biblioteca/admin_completadas.php')
 2 SYSTEMPATH\Common.php(1171): CodeIgniter\View\View->render('biblioteca/admin_completadas', [], true)
 3 APPPATH\Controllers\Admin.php(96): view('biblioteca/admin_completadas', [...])
 4 SYSTEMPATH\CodeIgniter.php(933): App\Controllers\Admin->completadas()
 5 SYSTEMPATH\CodeIgniter.php(509): CodeIgniter\CodeIgniter->runController(Object(App\Controllers\Admin))
 6 SYSTEMPATH\CodeIgniter.php(355): CodeIgniter\CodeIgniter->handleRequest(null, Object(Config\Cache), false)
 7 SYSTEMPATH\Boot.php(334): CodeIgniter\CodeIgniter->run()
 8 SYSTEMPATH\Boot.php(67): CodeIgniter\Boot::runCodeIgniter(Object(CodeIgniter\CodeIgniter))
 9 FCPATH\index.php(56): CodeIgniter\Boot::bootWeb(Object(Config\Paths))
10 SYSTEMPATH\rewrite.php(44): require_once('C:\\xampp\\htdocs\\BibliotecaJardin\\public\\index.php')
DEBUG - 2026-05-05 19:21:42 --> Session: Class initialized using 'CodeIgniter\Session\Handlers\FileHandler' driver.
DEBUG - 2026-05-05 19:22:08 --> Session: Class initialized using 'CodeIgniter\Session\Handlers\FileHandler' driver.
DEBUG - 2026-05-05 19:22:14 --> Session: Class initialized using 'CodeIgniter\Session\Handlers\FileHandler' driver.
DEBUG - 2026-05-05 19:22:23 --> Session: Class initialized using 'CodeIgniter\Session\Handlers\FileHandler' driver.
DEBUG - 2026-05-05 19:23:22 --> Session: Class initialized using 'CodeIgniter\Session\Handlers\FileHandler' driver.
DEBUG - 2026-05-05 19:24:24 --> Session: Class initialized using 'CodeIgniter\Session\Handlers\FileHandler' driver.
DEBUG - 2026-05-05 19:24:50 --> Session: Class initialized using 'CodeIgniter\Session\Handlers\FileHandler' driver.
DEBUG - 2026-05-05 19:26:35 --> Session: Class initialized using 'CodeIgniter\Session\Handlers\FileHandler' driver.
DEBUG - 2026-05-05 21:36:35 --> Session: Class initialized using 'CodeIgniter\Session\Handlers\FileHandler' driver.
DEBUG - 2026-05-05 21:36:42 --> Session: Class initialized using 'CodeIgniter\Session\Handlers\FileHandler' driver.
DEBUG - 2026-05-05 21:36:54 --> Session: Class initialized using 'CodeIgniter\Session\Handlers\FileHandler' driver.
DEBUG - 2026-05-05 21:43:47 --> Session: Class initialized using 'CodeIgniter\Session\Handlers\FileHandler' driver.
DEBUG - 2026-05-05 21:44:48 --> Session: Class initialized using 'CodeIgniter\Session\Handlers\FileHandler' driver.
DEBUG - 2026-05-05 21:46:31 --> Session: Class initialized using 'CodeIgniter\Session\Handlers\FileHandler' driver.
DEBUG - 2026-05-05 21:46:54 --> Session: Class initialized using 'CodeIgniter\Session\Handlers\FileHandler' driver.
DEBUG - 2026-05-05 21:47:58 --> Session: Class initialized using 'CodeIgniter\Session\Handlers\FileHandler' driver.
DEBUG - 2026-05-05 21:48:28 --> Session: Class initialized using 'CodeIgniter\Session\Handlers\FileHandler' driver.
DEBUG - 2026-05-05 21:48:33 --> Session: Class initialized using 'CodeIgniter\Session\Handlers\FileHandler' driver.
DEBUG - 2026-05-05 21:48:48 --> Session: Class initialized using 'CodeIgniter\Session\Handlers\FileHandler' driver.
DEBUG - 2026-05-05 21:48:57 --> Session: Class initialized using 'CodeIgniter\Session\Handlers\FileHandler' driver.
DEBUG - 2026-05-05 21:49:31 --> Session: Class initialized using 'CodeIgniter\Session\Handlers\FileHandler' driver.
DEBUG - 2026-05-05 21:54:44 --> Session: Class initialized using 'CodeIgniter\Session\Handlers\FileHandler' driver.
DEBUG - 2026-05-05 21:54:48 --> Session: Class initialized using 'CodeIgniter\Session\Handlers\FileHandler' driver.
DEBUG - 2026-05-05 21:57:06 --> Session: Class initialized using 'CodeIgniter\Session\Handlers\FileHandler' driver.
DEBUG - 2026-05-05 21:57:22 --> Session: Class initialized using 'CodeIgniter\Session\Handlers\FileHandler' driver.
DEBUG - 2026-05-05 21:57:25 --> Session: Class initialized using 'CodeIgniter\Session\Handlers\FileHandler' driver.
DEBUG - 2026-05-05 22:00:22 --> Session: Class initialized using 'CodeIgniter\Session\Handlers\FileHandler' driver.
DEBUG - 2026-05-05 22:04:56 --> Session: Class initialized using 'CodeIgniter\Session\Handlers\FileHandler' driver.
DEBUG - 2026-05-05 22:05:30 --> Session: Class initialized using 'CodeIgniter\Session\Handlers\FileHandler' driver.
DEBUG - 2026-05-05 22:07:20 --> Session: Class initialized using 'CodeIgniter\Session\Handlers\FileHandler' driver.
DEBUG - 2026-05-05 22:08:34 --> Session: Class initialized using 'CodeIgniter\Session\Handlers\FileHandler' driver.
DEBUG - 2026-05-05 22:08:54 --> Session: Class initialized using 'CodeIgniter\Session\Handlers\FileHandler' driver.
DEBUG - 2026-05-05 23:37:38 --> Session: Class initialized using 'CodeIgniter\Session\Handlers\FileHandler' driver.
DEBUG - 2026-05-05 23:38:16 --> Session: Class initialized using 'CodeIgniter\Session\Handlers\FileHandler' driver.
DEBUG - 2026-05-05 23:38:29 --> Session: Class initialized using 'CodeIgniter\Session\Handlers\FileHandler' driver.
DEBUG - 2026-05-05 23:39:10 --> Session: Class initialized using 'CodeIgniter\Session\Handlers\FileHandler' driver.
DEBUG - 2026-05-05 23:39:32 --> Session: Class initialized using 'CodeIgniter\Session\Handlers\FileHandler' driver.
DEBUG - 2026-05-05 23:40:29 --> Session: Class initialized using 'CodeIgniter\Session\Handlers\FileHandler' driver.
DEBUG - 2026-05-05 23:40:38 --> Session: Class initialized using 'CodeIgniter\Session\Handlers\FileHandler' driver.
DEBUG - 2026-05-05 23:40:44 --> Session: Class initialized using 'CodeIgniter\Session\Handlers\FileHandler' driver.
DEBUG - 2026-05-05 23:41:02 --> Session: Class initialized using 'CodeIgniter\Session\Handlers\FileHandler' driver.
DEBUG - 2026-05-05 23:42:27 --> Session: Class initialized using 'CodeIgniter\Session\Handlers\FileHandler' driver.
DEBUG - 2026-05-05 23:42:33 --> Session: Class initialized using 'CodeIgniter\Session\Handlers\FileHandler' driver.
DEBUG - 2026-05-05 23:42:55 --> Session: Class initialized using 'CodeIgniter\Session\Handlers\FileHandler' driver.
DEBUG - 2026-05-05 23:43:10 --> Session: Class initialized using 'CodeIgniter\Session\Handlers\FileHandler' driver.
