ERROR - 2026-05-04 21:43:07 --> Error connecting to the database: mysqli_sql_exception: Access denied for user ''@'localhost' (using password: NO) in C:\xampp\htdocs\BibliotecaJardin\system\Database\MySQLi\Connection.php:186
Stack trace:
#0 C:\xampp\htdocs\BibliotecaJardin\system\Database\MySQLi\Connection.php(186): mysqli->real_connect('localhost', '', Object(SensitiveParameterValue), '', 3306, '', 0)
#1 C:\xampp\htdocs\BibliotecaJardin\system\Database\BaseConnection.php(421): CodeIgniter\Database\MySQLi\Connection->connect(false)
#2 C:\xampp\htdocs\BibliotecaJardin\system\Database\BaseConnection.php(616): CodeIgniter\Database\BaseConnection->initialize()
#3 C:\xampp\htdocs\BibliotecaJardin\system\Database\BaseConnection.php(1487): CodeIgniter\Database\BaseConnection->query('SHOW TABLES FRO...')
#4 C:\xampp\htdocs\BibliotecaJardin\system\Database\BaseConnection.php(1507): CodeIgniter\Database\BaseConnection->listTables()
#5 C:\xampp\htdocs\BibliotecaJardin\system\Database\MigrationRunner.php(758): CodeIgniter\Database\BaseConnection->tableExists('migrations')
#6 C:\xampp\htdocs\BibliotecaJardin\system\Database\MigrationRunner.php(162): CodeIgniter\Database\MigrationRunner->ensureTable()
#7 C:\xampp\htdocs\BibliotecaJardin\system\Commands\Database\Migrate.php(85): CodeIgniter\Database\MigrationRunner->latest(NULL)
#8 C:\xampp\htdocs\BibliotecaJardin\system\CLI\Commands.php(70): CodeIgniter\Commands\Database\Migrate->run(Array)
#9 C:\xampp\htdocs\BibliotecaJardin\system\CLI\Console.php(48): CodeIgniter\CLI\Commands->run('migrate', Array)
#10 C:\xampp\htdocs\BibliotecaJardin\system\Boot.php(360): CodeIgniter\CLI\Console->run()
#11 C:\xampp\htdocs\BibliotecaJardin\system\Boot.php(104): CodeIgniter\Boot::runCommand(Object(CodeIgniter\CLI\Console))
#12 C:\xampp\htdocs\BibliotecaJardin\spark(84): CodeIgniter\Boot::bootSpark(Object(Config\Paths))
#13 {main}

Next CodeIgniter\Database\Exceptions\DatabaseException: Access denied for user ''@'localhost' (using password: NO) in C:\xampp\htdocs\BibliotecaJardin\system\Database\MySQLi\Connection.php:231
Stack trace:
#0 C:\xampp\htdocs\BibliotecaJardin\system\Database\BaseConnection.php(421): CodeIgniter\Database\MySQLi\Connection->connect(false)
#1 C:\xampp\htdocs\BibliotecaJardin\system\Database\BaseConnection.php(616): CodeIgniter\Database\BaseConnection->initialize()
#2 C:\xampp\htdocs\BibliotecaJardin\system\Database\BaseConnection.php(1487): CodeIgniter\Database\BaseConnection->query('SHOW TABLES FRO...')
#3 C:\xampp\htdocs\BibliotecaJardin\system\Database\BaseConnection.php(1507): CodeIgniter\Database\BaseConnection->listTables()
#4 C:\xampp\htdocs\BibliotecaJardin\system\Database\MigrationRunner.php(758): CodeIgniter\Database\BaseConnection->tableExists('migrations')
#5 C:\xampp\htdocs\BibliotecaJardin\system\Database\MigrationRunner.php(162): CodeIgniter\Database\MigrationRunner->ensureTable()
#6 C:\xampp\htdocs\BibliotecaJardin\system\Commands\Database\Migrate.php(85): CodeIgniter\Database\MigrationRunner->latest(NULL)
#7 C:\xampp\htdocs\BibliotecaJardin\system\CLI\Commands.php(70): CodeIgniter\Commands\Database\Migrate->run(Array)
#8 C:\xampp\htdocs\BibliotecaJardin\system\CLI\Console.php(48): CodeIgniter\CLI\Commands->run('migrate', Array)
#9 C:\xampp\htdocs\BibliotecaJardin\system\Boot.php(360): CodeIgniter\CLI\Console->run()
#10 C:\xampp\htdocs\BibliotecaJardin\system\Boot.php(104): CodeIgniter\Boot::runCommand(Object(CodeIgniter\CLI\Console))
#11 C:\xampp\htdocs\BibliotecaJardin\spark(84): CodeIgniter\Boot::bootSpark(Object(Config\Paths))
#12 {main}
ERROR - 2026-05-04 21:50:29 --> Error connecting to the database: mysqli_sql_exception: Unknown database 'biblioteca_jardin' in C:\xampp\htdocs\BibliotecaJardin\system\Database\MySQLi\Connection.php:186
Stack trace:
#0 C:\xampp\htdocs\BibliotecaJardin\system\Database\MySQLi\Connection.php(186): mysqli->real_connect('localhost', 'root', Object(SensitiveParameterValue), 'biblioteca_jard...', 3306, '', 0)
#1 C:\xampp\htdocs\BibliotecaJardin\system\Database\BaseConnection.php(421): CodeIgniter\Database\MySQLi\Connection->connect(false)
#2 C:\xampp\htdocs\BibliotecaJardin\system\Database\BaseConnection.php(616): CodeIgniter\Database\BaseConnection->initialize()
#3 C:\xampp\htdocs\BibliotecaJardin\system\Database\BaseConnection.php(1487): CodeIgniter\Database\BaseConnection->query('SHOW TABLES FRO...')
#4 C:\xampp\htdocs\BibliotecaJardin\system\Database\BaseConnection.php(1507): CodeIgniter\Database\BaseConnection->listTables()
#5 C:\xampp\htdocs\BibliotecaJardin\system\Database\MigrationRunner.php(758): CodeIgniter\Database\BaseConnection->tableExists('migrations')
#6 C:\xampp\htdocs\BibliotecaJardin\system\Database\MigrationRunner.php(162): CodeIgniter\Database\MigrationRunner->ensureTable()
#7 C:\xampp\htdocs\BibliotecaJardin\system\Commands\Database\Migrate.php(85): CodeIgniter\Database\MigrationRunner->latest(NULL)
#8 C:\xampp\htdocs\BibliotecaJardin\system\CLI\Commands.php(70): CodeIgniter\Commands\Database\Migrate->run(Array)
#9 C:\xampp\htdocs\BibliotecaJardin\system\CLI\Console.php(48): CodeIgniter\CLI\Commands->run('migrate', Array)
#10 C:\xampp\htdocs\BibliotecaJardin\system\Boot.php(360): CodeIgniter\CLI\Console->run()
#11 C:\xampp\htdocs\BibliotecaJardin\system\Boot.php(104): CodeIgniter\Boot::runCommand(Object(CodeIgniter\CLI\Console))
#12 C:\xampp\htdocs\BibliotecaJardin\spark(84): CodeIgniter\Boot::bootSpark(Object(Config\Paths))
#13 {main}

Next CodeIgniter\Database\Exceptions\DatabaseException: Unknown database 'biblioteca_jardin' in C:\xampp\htdocs\BibliotecaJardin\system\Database\MySQLi\Connection.php:231
Stack trace:
#0 C:\xampp\htdocs\BibliotecaJardin\system\Database\BaseConnection.php(421): CodeIgniter\Database\MySQLi\Connection->connect(false)
#1 C:\xampp\htdocs\BibliotecaJardin\system\Database\BaseConnection.php(616): CodeIgniter\Database\BaseConnection->initialize()
#2 C:\xampp\htdocs\BibliotecaJardin\system\Database\BaseConnection.php(1487): CodeIgniter\Database\BaseConnection->query('SHOW TABLES FRO...')
#3 C:\xampp\htdocs\BibliotecaJardin\system\Database\BaseConnection.php(1507): CodeIgniter\Database\BaseConnection->listTables()
#4 C:\xampp\htdocs\BibliotecaJardin\system\Database\MigrationRunner.php(758): CodeIgniter\Database\BaseConnection->tableExists('migrations')
#5 C:\xampp\htdocs\BibliotecaJardin\system\Database\MigrationRunner.php(162): CodeIgniter\Database\MigrationRunner->ensureTable()
#6 C:\xampp\htdocs\BibliotecaJardin\system\Commands\Database\Migrate.php(85): CodeIgniter\Database\MigrationRunner->latest(NULL)
#7 C:\xampp\htdocs\BibliotecaJardin\system\CLI\Commands.php(70): CodeIgniter\Commands\Database\Migrate->run(Array)
#8 C:\xampp\htdocs\BibliotecaJardin\system\CLI\Console.php(48): CodeIgniter\CLI\Commands->run('migrate', Array)
#9 C:\xampp\htdocs\BibliotecaJardin\system\Boot.php(360): CodeIgniter\CLI\Console->run()
#10 C:\xampp\htdocs\BibliotecaJardin\system\Boot.php(104): CodeIgniter\Boot::runCommand(Object(CodeIgniter\CLI\Console))
#11 C:\xampp\htdocs\BibliotecaJardin\spark(84): CodeIgniter\Boot::bootSpark(Object(Config\Paths))
#12 {main}
DEBUG - 2026-05-04 21:51:30 --> Session: Class initialized using 'CodeIgniter\Session\Handlers\FileHandler' driver.
ERROR - 2026-05-04 21:56:56 --> Error connecting to the database: mysqli_sql_exception: Unknown database 'biblioteca_jardin' in C:\xampp\htdocs\BibliotecaJardin\system\Database\MySQLi\Connection.php:186
Stack trace:
#0 C:\xampp\htdocs\BibliotecaJardin\system\Database\MySQLi\Connection.php(186): mysqli->real_connect('localhost', 'root', Object(SensitiveParameterValue), 'biblioteca_jard...', 3306, '', 0)
#1 C:\xampp\htdocs\BibliotecaJardin\system\Database\BaseConnection.php(421): CodeIgniter\Database\MySQLi\Connection->connect(false)
#2 C:\xampp\htdocs\BibliotecaJardin\system\Database\BaseConnection.php(616): CodeIgniter\Database\BaseConnection->initialize()
#3 C:\xampp\htdocs\BibliotecaJardin\system\Database\BaseConnection.php(1487): CodeIgniter\Database\BaseConnection->query('SHOW TABLES FRO...')
#4 C:\xampp\htdocs\BibliotecaJardin\system\Database\BaseConnection.php(1507): CodeIgniter\Database\BaseConnection->listTables()
#5 C:\xampp\htdocs\BibliotecaJardin\system\Database\MigrationRunner.php(758): CodeIgniter\Database\BaseConnection->tableExists('migrations')
#6 C:\xampp\htdocs\BibliotecaJardin\system\Database\MigrationRunner.php(162): CodeIgniter\Database\MigrationRunner->ensureTable()
#7 C:\xampp\htdocs\BibliotecaJardin\system\Commands\Database\Migrate.php(85): CodeIgniter\Database\MigrationRunner->latest(NULL)
#8 C:\xampp\htdocs\BibliotecaJardin\system\CLI\Commands.php(70): CodeIgniter\Commands\Database\Migrate->run(Array)
#9 C:\xampp\htdocs\BibliotecaJardin\system\CLI\Console.php(48): CodeIgniter\CLI\Commands->run('migrate', Array)
#10 C:\xampp\htdocs\BibliotecaJardin\system\Boot.php(360): CodeIgniter\CLI\Console->run()
#11 C:\xampp\htdocs\BibliotecaJardin\system\Boot.php(104): CodeIgniter\Boot::runCommand(Object(CodeIgniter\CLI\Console))
#12 C:\xampp\htdocs\BibliotecaJardin\spark(84): CodeIgniter\Boot::bootSpark(Object(Config\Paths))
#13 {main}

Next CodeIgniter\Database\Exceptions\DatabaseException: Unknown database 'biblioteca_jardin' in C:\xampp\htdocs\BibliotecaJardin\system\Database\MySQLi\Connection.php:231
Stack trace:
#0 C:\xampp\htdocs\BibliotecaJardin\system\Database\BaseConnection.php(421): CodeIgniter\Database\MySQLi\Connection->connect(false)
#1 C:\xampp\htdocs\BibliotecaJardin\system\Database\BaseConnection.php(616): CodeIgniter\Database\BaseConnection->initialize()
#2 C:\xampp\htdocs\BibliotecaJardin\system\Database\BaseConnection.php(1487): CodeIgniter\Database\BaseConnection->query('SHOW TABLES FRO...')
#3 C:\xampp\htdocs\BibliotecaJardin\system\Database\BaseConnection.php(1507): CodeIgniter\Database\BaseConnection->listTables()
#4 C:\xampp\htdocs\BibliotecaJardin\system\Database\MigrationRunner.php(758): CodeIgniter\Database\BaseConnection->tableExists('migrations')
#5 C:\xampp\htdocs\BibliotecaJardin\system\Database\MigrationRunner.php(162): CodeIgniter\Database\MigrationRunner->ensureTable()
#6 C:\xampp\htdocs\BibliotecaJardin\system\Commands\Database\Migrate.php(85): CodeIgniter\Database\MigrationRunner->latest(NULL)
#7 C:\xampp\htdocs\BibliotecaJardin\system\CLI\Commands.php(70): CodeIgniter\Commands\Database\Migrate->run(Array)
#8 C:\xampp\htdocs\BibliotecaJardin\system\CLI\Console.php(48): CodeIgniter\CLI\Commands->run('migrate', Array)
#9 C:\xampp\htdocs\BibliotecaJardin\system\Boot.php(360): CodeIgniter\CLI\Console->run()
#10 C:\xampp\htdocs\BibliotecaJardin\system\Boot.php(104): CodeIgniter\Boot::runCommand(Object(CodeIgniter\CLI\Console))
#11 C:\xampp\htdocs\BibliotecaJardin\spark(84): CodeIgniter\Boot::bootSpark(Object(Config\Paths))
#12 {main}
DEBUG - 2026-05-04 22:06:14 --> Session: Class initialized using 'CodeIgniter\Session\Handlers\FileHandler' driver.
DEBUG - 2026-05-04 22:07:17 --> Session: Class initialized using 'CodeIgniter\Session\Handlers\FileHandler' driver.
CRITICAL - 2026-05-04 22:07:17 --> CodeIgniter\View\Exceptions\ViewException: Invalid file: "biblioteca/ficha_prestamo.php"
[Method: GET, Route: biblioteca]
in SYSTEMPATH\Exceptions\FrameworkException.php on line 41.
 1 SYSTEMPATH\View\View.php(222): CodeIgniter\Exceptions\FrameworkException::forInvalidFile('biblioteca/ficha_prestamo.php')
 2 SYSTEMPATH\Common.php(1171): CodeIgniter\View\View->render('biblioteca/ficha_prestamo', [], true)
 3 APPPATH\Controllers\Biblioteca.php(10): view('biblioteca/ficha_prestamo')
 4 SYSTEMPATH\CodeIgniter.php(933): App\Controllers\Biblioteca->index()
 5 SYSTEMPATH\CodeIgniter.php(509): CodeIgniter\CodeIgniter->runController(Object(App\Controllers\Biblioteca))
 6 SYSTEMPATH\CodeIgniter.php(355): CodeIgniter\CodeIgniter->handleRequest(null, Object(Config\Cache), false)
 7 SYSTEMPATH\Boot.php(334): CodeIgniter\CodeIgniter->run()
 8 SYSTEMPATH\Boot.php(67): CodeIgniter\Boot::runCodeIgniter(Object(CodeIgniter\CodeIgniter))
 9 FCPATH\index.php(56): CodeIgniter\Boot::bootWeb(Object(Config\Paths))
10 SYSTEMPATH\rewrite.php(44): require_once('C:\\xampp\\htdocs\\BibliotecaJardin\\public\\index.php')
CRITICAL - 2026-05-04 22:08:22 --> CodeIgniter\View\Exceptions\ViewException: Invalid file: "biblioteca/ficha_prestamo.php"
[Method: GET, Route: biblioteca]
in SYSTEMPATH\Exceptions\FrameworkException.php on line 41.
 1 SYSTEMPATH\View\View.php(222): CodeIgniter\Exceptions\FrameworkException::forInvalidFile('biblioteca/ficha_prestamo.php')
 2 SYSTEMPATH\Common.php(1171): CodeIgniter\View\View->render('biblioteca/ficha_prestamo', [], true)
 3 APPPATH\Controllers\Biblioteca.php(10): view('biblioteca/ficha_prestamo')
 4 SYSTEMPATH\CodeIgniter.php(933): App\Controllers\Biblioteca->index()
 5 SYSTEMPATH\CodeIgniter.php(509): CodeIgniter\CodeIgniter->runController(Object(App\Controllers\Biblioteca))
 6 SYSTEMPATH\CodeIgniter.php(355): CodeIgniter\CodeIgniter->handleRequest(null, Object(Config\Cache), false)
 7 SYSTEMPATH\Boot.php(334): CodeIgniter\CodeIgniter->run()
 8 SYSTEMPATH\Boot.php(67): CodeIgniter\Boot::runCodeIgniter(Object(CodeIgniter\CodeIgniter))
 9 FCPATH\index.php(56): CodeIgniter\Boot::bootWeb(Object(Config\Paths))
10 SYSTEMPATH\rewrite.php(44): require_once('C:\\xampp\\htdocs\\BibliotecaJardin\\public\\index.php')
CRITICAL - 2026-05-04 22:08:24 --> CodeIgniter\View\Exceptions\ViewException: Invalid file: "biblioteca/ficha_prestamo.php"
[Method: GET, Route: biblioteca]
in SYSTEMPATH\Exceptions\FrameworkException.php on line 41.
 1 SYSTEMPATH\View\View.php(222): CodeIgniter\Exceptions\FrameworkException::forInvalidFile('biblioteca/ficha_prestamo.php')
 2 SYSTEMPATH\Common.php(1171): CodeIgniter\View\View->render('biblioteca/ficha_prestamo', [], true)
 3 APPPATH\Controllers\Biblioteca.php(10): view('biblioteca/ficha_prestamo')
 4 SYSTEMPATH\CodeIgniter.php(933): App\Controllers\Biblioteca->index()
 5 SYSTEMPATH\CodeIgniter.php(509): CodeIgniter\CodeIgniter->runController(Object(App\Controllers\Biblioteca))
 6 SYSTEMPATH\CodeIgniter.php(355): CodeIgniter\CodeIgniter->handleRequest(null, Object(Config\Cache), false)
 7 SYSTEMPATH\Boot.php(334): CodeIgniter\CodeIgniter->run()
 8 SYSTEMPATH\Boot.php(67): CodeIgniter\Boot::runCodeIgniter(Object(CodeIgniter\CodeIgniter))
 9 FCPATH\index.php(56): CodeIgniter\Boot::bootWeb(Object(Config\Paths))
10 SYSTEMPATH\rewrite.php(44): require_once('C:\\xampp\\htdocs\\BibliotecaJardin\\public\\index.php')
DEBUG - 2026-05-04 22:08:48 --> Session: Class initialized using 'CodeIgniter\Session\Handlers\FileHandler' driver.
CRITICAL - 2026-05-04 22:15:57 --> CodeIgniter\View\Exceptions\ViewException: Invalid file: "biblioteca/ficha_prestamo.php"
[Method: GET, Route: biblioteca]
in SYSTEMPATH\Exceptions\FrameworkException.php on line 41.
 1 SYSTEMPATH\View\View.php(222): CodeIgniter\Exceptions\FrameworkException::forInvalidFile('biblioteca/ficha_prestamo.php')
 2 SYSTEMPATH\Common.php(1171): CodeIgniter\View\View->render('biblioteca/ficha_prestamo', [], true)
 3 APPPATH\Controllers\Biblioteca.php(10): view('biblioteca/ficha_prestamo')
 4 SYSTEMPATH\CodeIgniter.php(933): App\Controllers\Biblioteca->index()
 5 SYSTEMPATH\CodeIgniter.php(509): CodeIgniter\CodeIgniter->runController(Object(App\Controllers\Biblioteca))
 6 SYSTEMPATH\CodeIgniter.php(355): CodeIgniter\CodeIgniter->handleRequest(null, Object(Config\Cache), false)
 7 SYSTEMPATH\Boot.php(334): CodeIgniter\CodeIgniter->run()
 8 SYSTEMPATH\Boot.php(67): CodeIgniter\Boot::runCodeIgniter(Object(CodeIgniter\CodeIgniter))
 9 FCPATH\index.php(56): CodeIgniter\Boot::bootWeb(Object(Config\Paths))
10 SYSTEMPATH\rewrite.php(44): require_once('C:\\xampp\\htdocs\\BibliotecaJardin\\public\\index.php')
CRITICAL - 2026-05-04 22:15:59 --> CodeIgniter\View\Exceptions\ViewException: Invalid file: "biblioteca/ficha_prestamo.php"
[Method: GET, Route: biblioteca]
in SYSTEMPATH\Exceptions\FrameworkException.php on line 41.
 1 SYSTEMPATH\View\View.php(222): CodeIgniter\Exceptions\FrameworkException::forInvalidFile('biblioteca/ficha_prestamo.php')
 2 SYSTEMPATH\Common.php(1171): CodeIgniter\View\View->render('biblioteca/ficha_prestamo', [], true)
 3 APPPATH\Controllers\Biblioteca.php(10): view('biblioteca/ficha_prestamo')
 4 SYSTEMPATH\CodeIgniter.php(933): App\Controllers\Biblioteca->index()
 5 SYSTEMPATH\CodeIgniter.php(509): CodeIgniter\CodeIgniter->runController(Object(App\Controllers\Biblioteca))
 6 SYSTEMPATH\CodeIgniter.php(355): CodeIgniter\CodeIgniter->handleRequest(null, Object(Config\Cache), false)
 7 SYSTEMPATH\Boot.php(334): CodeIgniter\CodeIgniter->run()
 8 SYSTEMPATH\Boot.php(67): CodeIgniter\Boot::runCodeIgniter(Object(CodeIgniter\CodeIgniter))
 9 FCPATH\index.php(56): CodeIgniter\Boot::bootWeb(Object(Config\Paths))
10 SYSTEMPATH\rewrite.php(44): require_once('C:\\xampp\\htdocs\\BibliotecaJardin\\public\\index.php')
DEBUG - 2026-05-04 22:16:25 --> Session: Class initialized using 'CodeIgniter\Session\Handlers\FileHandler' driver.
DEBUG - 2026-05-04 23:21:24 --> Session: Class initialized using 'CodeIgniter\Session\Handlers\FileHandler' driver.
DEBUG - 2026-05-04 23:22:39 --> Session: Class initialized using 'CodeIgniter\Session\Handlers\FileHandler' driver.
DEBUG - 2026-05-04 23:32:00 --> Session: Class initialized using 'CodeIgniter\Session\Handlers\FileHandler' driver.
DEBUG - 2026-05-04 23:32:29 --> Session: Class initialized using 'CodeIgniter\Session\Handlers\FileHandler' driver.
DEBUG - 2026-05-04 23:32:46 --> Session: Class initialized using 'CodeIgniter\Session\Handlers\FileHandler' driver.
DEBUG - 2026-05-04 23:57:48 --> Session: Class initialized using 'CodeIgniter\Session\Handlers\FileHandler' driver.
DEBUG - 2026-05-04 23:59:04 --> Session: Class initialized using 'CodeIgniter\Session\Handlers\FileHandler' driver.
ERROR - 2026-05-04 23:59:17 --> mysqli_sql_exception: Cannot add or update a child row: a foreign key constraint fails (`biblioteca_jardin`.`libros`, CONSTRAINT `libros_id_ubicacion_foreign` FOREIGN KEY (`id_ubicacion`) REFERENCES `ubicaciones` (`id_ubicacion`) ON DELETE CASCADE ON UPDATE SET NULL) in C:\xampp\htdocs\BibliotecaJardin\system\Database\MySQLi\Connection.php:312
Stack trace:
#0 C:\xampp\htdocs\BibliotecaJardin\system\Database\MySQLi\Connection.php(312): mysqli->query('UPDATE `libros`...', 0)
#1 C:\xampp\htdocs\BibliotecaJardin\system\Database\BaseConnection.php(734): CodeIgniter\Database\MySQLi\Connection->execute('UPDATE `libros`...')
#2 C:\xampp\htdocs\BibliotecaJardin\system\Database\BaseConnection.php(648): CodeIgniter\Database\BaseConnection->simpleQuery('UPDATE `libros`...')
#3 C:\xampp\htdocs\BibliotecaJardin\system\Database\BaseBuilder.php(2516): CodeIgniter\Database\BaseConnection->query('UPDATE `libros`...', Array, false)
#4 C:\xampp\htdocs\BibliotecaJardin\app\Models\FichaMovimientoModel.php(128): CodeIgniter\Database\BaseBuilder->update(Array)
#5 C:\xampp\htdocs\BibliotecaJardin\app\Controllers\Admin.php(40): App\Models\FichaMovimientoModel->procesarFichaAdmin(Array)
#6 C:\xampp\htdocs\BibliotecaJardin\system\CodeIgniter.php(933): App\Controllers\Admin->procesar_ficha()
#7 C:\xampp\htdocs\BibliotecaJardin\system\CodeIgniter.php(509): CodeIgniter\CodeIgniter->runController(Object(App\Controllers\Admin))
#8 C:\xampp\htdocs\BibliotecaJardin\system\CodeIgniter.php(355): CodeIgniter\CodeIgniter->handleRequest(NULL, Object(Config\Cache), false)
#9 C:\xampp\htdocs\BibliotecaJardin\system\Boot.php(334): CodeIgniter\CodeIgniter->run()
#10 C:\xampp\htdocs\BibliotecaJardin\system\Boot.php(67): CodeIgniter\Boot::runCodeIgniter(Object(CodeIgniter\CodeIgniter))
#11 C:\xampp\htdocs\BibliotecaJardin\public\index.php(56): CodeIgniter\Boot::bootWeb(Object(Config\Paths))
#12 C:\xampp\htdocs\BibliotecaJardin\system\rewrite.php(44): require_once('C:\\xampp\\htdocs...')
#13 {main}
ERROR - 2026-05-04 23:59:34 --> mysqli_sql_exception: Cannot add or update a child row: a foreign key constraint fails (`biblioteca_jardin`.`libros`, CONSTRAINT `libros_id_ubicacion_foreign` FOREIGN KEY (`id_ubicacion`) REFERENCES `ubicaciones` (`id_ubicacion`) ON DELETE CASCADE ON UPDATE SET NULL) in C:\xampp\htdocs\BibliotecaJardin\system\Database\MySQLi\Connection.php:312
Stack trace:
#0 C:\xampp\htdocs\BibliotecaJardin\system\Database\MySQLi\Connection.php(312): mysqli->query('UPDATE `libros`...', 0)
#1 C:\xampp\htdocs\BibliotecaJardin\system\Database\BaseConnection.php(734): CodeIgniter\Database\MySQLi\Connection->execute('UPDATE `libros`...')
#2 C:\xampp\htdocs\BibliotecaJardin\system\Database\BaseConnection.php(648): CodeIgniter\Database\BaseConnection->simpleQuery('UPDATE `libros`...')
#3 C:\xampp\htdocs\BibliotecaJardin\system\Database\BaseBuilder.php(2516): CodeIgniter\Database\BaseConnection->query('UPDATE `libros`...', Array, false)
#4 C:\xampp\htdocs\BibliotecaJardin\app\Models\FichaMovimientoModel.php(128): CodeIgniter\Database\BaseBuilder->update(Array)
#5 C:\xampp\htdocs\BibliotecaJardin\app\Controllers\Admin.php(40): App\Models\FichaMovimientoModel->procesarFichaAdmin(Array)
#6 C:\xampp\htdocs\BibliotecaJardin\system\CodeIgniter.php(933): App\Controllers\Admin->procesar_ficha()
#7 C:\xampp\htdocs\BibliotecaJardin\system\CodeIgniter.php(509): CodeIgniter\CodeIgniter->runController(Object(App\Controllers\Admin))
#8 C:\xampp\htdocs\BibliotecaJardin\system\CodeIgniter.php(355): CodeIgniter\CodeIgniter->handleRequest(NULL, Object(Config\Cache), false)
#9 C:\xampp\htdocs\BibliotecaJardin\system\Boot.php(334): CodeIgniter\CodeIgniter->run()
#10 C:\xampp\htdocs\BibliotecaJardin\system\Boot.php(67): CodeIgniter\Boot::runCodeIgniter(Object(CodeIgniter\CodeIgniter))
#11 C:\xampp\htdocs\BibliotecaJardin\public\index.php(56): CodeIgniter\Boot::bootWeb(Object(Config\Paths))
#12 C:\xampp\htdocs\BibliotecaJardin\system\rewrite.php(44): require_once('C:\\xampp\\htdocs...')
#13 {main}
